[debug] [2025-04-08T01:09:22.832Z] ----------------------------------------------------------------------
[debug] [2025-04-08T01:09:22.835Z] Command:       C:\Program Files\nodejs\node.exe C:\Users\Jana\AppData\Roaming\npm\node_modules\firebase-tools\lib\bin\firebase.js init functions
[debug] [2025-04-08T01:09:22.835Z] CLI Version:   14.1.0
[debug] [2025-04-08T01:09:22.835Z] Platform:      win32
[debug] [2025-04-08T01:09:22.835Z] Node Version:  v22.14.0
[debug] [2025-04-08T01:09:22.835Z] Time:          Tue Apr 08 2025 04:09:22 GMT+0300 (Arabian Standard Time)
[debug] [2025-04-08T01:09:22.836Z] ----------------------------------------------------------------------
[debug] 
[debug] [2025-04-08T01:09:22.844Z] > command requires scopes: ["email","openid","https://www.googleapis.com/auth/cloudplatformprojects.readonly","https://www.googleapis.com/auth/firebase","https://www.googleapis.com/auth/cloud-platform"]
[debug] [2025-04-08T01:09:22.845Z] > authorizing via signed-in user (autismlens4@gmail.com)
[info] 
     ######## #### ########  ######## ########     ###     ######  ########
     ##        ##  ##     ## ##       ##     ##  ##   ##  ##       ##
     ######    ##  ########  ######   ########  #########  ######  ######
     ##        ##  ##    ##  ##       ##     ## ##     ##       ## ##
     ##       #### ##     ## ######## ########  ##     ##  ######  ########

You're about to initialize a Firebase project in this directory:

  C:\Users\Jana\OneDrive\Desktop\AutismLens

[info] 
=== Project Setup
[info] 
[info] First, let's associate this project directory with a Firebase project.
[info] You can create multiple project aliases by running firebase use --add, 
[info] but for now we'll just set up a default project.
[info] 
[debug] [2025-04-08T01:10:54.692Z] ----------------------------------------------------------------------
[debug] [2025-04-08T01:10:54.700Z] Command:       C:\Program Files\nodejs\node.exe C:\Users\Jana\AppData\Roaming\npm\node_modules\firebase-tools\lib\bin\firebase.js init functions
[debug] [2025-04-08T01:10:54.701Z] CLI Version:   14.1.0
[debug] [2025-04-08T01:10:54.701Z] Platform:      win32
[debug] [2025-04-08T01:10:54.701Z] Node Version:  v22.14.0
[debug] [2025-04-08T01:10:54.702Z] Time:          Tue Apr 08 2025 04:10:54 GMT+0300 (Arabian Standard Time)
[debug] [2025-04-08T01:10:54.702Z] ----------------------------------------------------------------------
[debug] 
[debug] [2025-04-08T01:10:54.711Z] > command requires scopes: ["email","openid","https://www.googleapis.com/auth/cloudplatformprojects.readonly","https://www.googleapis.com/auth/firebase","https://www.googleapis.com/auth/cloud-platform"]
[debug] [2025-04-08T01:10:54.712Z] > authorizing via signed-in user (autismlens4@gmail.com)
[info] 
     ######## #### ########  ######## ########     ###     ######  ########
     ##        ##  ##     ## ##       ##     ##  ##   ##  ##       ##
     ######    ##  ########  ######   ########  #########  ######  ######
     ##        ##  ##    ##  ##       ##     ## ##     ##       ## ##
     ##       #### ##     ## ######## ########  ##     ##  ######  ########

You're about to initialize a Firebase project in this directory:

  C:\Users\Jana\OneDrive\Desktop\AutismLens

